-------------------------------------------------------------------------------
Test set: com.bdd.runner.RunnerTest
-------------------------------------------------------------------------------
Tests run: 1, Failures: 0, Errors: 1, Skipped: 0, Time elapsed: 0.867 sec <<< FAILURE!
initializationError(com.bdd.runner.RunnerTest)  Time elapsed: 0.006 sec  <<< ERROR!
io.cucumber.core.gherkin.FeatureParserException: Failed to parse resource at: file:///C:/Users/Silve/Downloads/Proyecto/TestingWeb/src/test/resources/features/WidgetClara.feature
(8:3): expected: #TagLine, #RuleLine, #Comment, #Empty, got 'Antecedentes:'
(9:5): expected: #TagLine, #RuleLine, #Comment, #Empty, got 'Dado que el usuario abre la aplicacion web de Clara'
(10:5): expected: #TagLine, #RuleLine, #Comment, #Empty, got 'Cuando el usuario hace click en la burbuja'
(11:5): expected: #TagLine, #RuleLine, #Comment, #Empty, got 'Y el usuario escribe su nombre "Prueba"'
(12:5): expected: #TagLine, #RuleLine, #Comment, #Empty, got 'Y el usuario escribe su apellido "Prueba CHCC"'
(13:5): expected: #TagLine, #RuleLine, #Comment, #Empty, got 'Y el usuario escribe su dni "01010101"'
(14:5): expected: #TagLine, #RuleLine, #Comment, #Empty, got 'Y el usuario escrbe su correo "prueba@chcc.com"'
(15:5): expected: #TagLine, #RuleLine, #Comment, #Empty, got 'Entonces hago click en comenzar'
(17:3): expected: #TagLine, #RuleLine, #Comment, #Empty, got 'Escenario: Validar el saludo de Clara'
(18:5): expected: #TagLine, #RuleLine, #Comment, #Empty, got 'Dado que el usuario ha saludado a Clara'
(19:5): expected: #TagLine, #RuleLine, #Comment, #Empty, got 'Cuando Clara responde al saludo'
	at io.cucumber.core.gherkin.messages.GherkinMessagesFeatureParser.parse(GherkinMessagesFeatureParser.java:53)
	at io.cucumber.core.feature.FeatureParser.parseResource(FeatureParser.java:45)
	at java.util.function.BiFunction.lambda$andThen$0(BiFunction.java:70)
	at io.cucumber.core.resource.ResourceScanner.lambda$processResource$1(ResourceScanner.java:79)
	at io.cucumber.core.resource.PathScanner$ResourceFileVisitor.visitFile(PathScanner.java:75)
	at io.cucumber.core.resource.PathScanner$ResourceFileVisitor.visitFile(PathScanner.java:60)
	at java.nio.file.Files.walkFileTree(Files.java:2670)
	at io.cucumber.core.resource.PathScanner.findResourcesForPath(PathScanner.java:53)
	at io.cucumber.core.resource.PathScanner.findResourcesForUri(PathScanner.java:31)
	at io.cucumber.core.resource.ResourceScanner.findResourcesForUri(ResourceScanner.java:61)
	at io.cucumber.core.resource.ResourceScanner.scanForResourcesUri(ResourceScanner.java:134)
	at io.cucumber.core.runtime.FeaturePathFeatureSupplier.loadFeatures(FeaturePathFeatureSupplier.java:62)
	at io.cucumber.core.runtime.FeaturePathFeatureSupplier.get(FeaturePathFeatureSupplier.java:45)
	at io.cucumber.junit.CucumberSerenityRunner.<init>(CucumberSerenityRunner.java:133)
	at net.serenitybdd.cucumber.CucumberWithSerenity.<init>(CucumberWithSerenity.java:12)
	at sun.reflect.NativeConstructorAccessorImpl.newInstance0(Native Method)
	at sun.reflect.NativeConstructorAccessorImpl.newInstance(NativeConstructorAccessorImpl.java:62)
	at sun.reflect.DelegatingConstructorAccessorImpl.newInstance(DelegatingConstructorAccessorImpl.java:45)
	at java.lang.reflect.Constructor.newInstance(Constructor.java:423)
	at org.junit.internal.builders.AnnotatedBuilder.buildRunner(AnnotatedBuilder.java:104)
	at org.junit.internal.builders.AnnotatedBuilder.runnerForClass(AnnotatedBuilder.java:86)
	at org.junit.runners.model.RunnerBuilder.safeRunnerForClass(RunnerBuilder.java:70)
	at org.junit.internal.builders.AllDefaultPossibilitiesBuilder.runnerForClass(AllDefaultPossibilitiesBuilder.java:37)
	at org.junit.runners.model.RunnerBuilder.safeRunnerForClass(RunnerBuilder.java:70)
	at org.junit.internal.requests.ClassRequest.createRunner(ClassRequest.java:28)
	at org.junit.internal.requests.MemoizingRequest.getRunner(MemoizingRequest.java:19)
	at org.apache.maven.surefire.junit4.JUnit4Provider.execute(JUnit4Provider.java:250)
	at org.apache.maven.surefire.junit4.JUnit4Provider.executeTestSet(JUnit4Provider.java:141)
	at org.apache.maven.surefire.junit4.JUnit4Provider.invoke(JUnit4Provider.java:112)
	at sun.reflect.NativeMethodAccessorImpl.invoke0(Native Method)
	at sun.reflect.NativeMethodAccessorImpl.invoke(NativeMethodAccessorImpl.java:62)
	at sun.reflect.DelegatingMethodAccessorImpl.invoke(DelegatingMethodAccessorImpl.java:43)
	at java.lang.reflect.Method.invoke(Method.java:498)
	at org.apache.maven.surefire.util.ReflectionUtils.invokeMethodWithArray(ReflectionUtils.java:189)
	at org.apache.maven.surefire.booter.ProviderFactory$ProviderProxy.invoke(ProviderFactory.java:165)
	at org.apache.maven.surefire.booter.ProviderFactory.invokeProvider(ProviderFactory.java:85)
	at org.apache.maven.surefire.booter.ForkedBooter.runSuitesInProcess(ForkedBooter.java:115)
	at org.apache.maven.surefire.booter.ForkedBooter.main(ForkedBooter.java:75)

