<?xml version="1.0" encoding="UTF-8" ?>
<testsuite tests="1" failures="0" name="com.bdd.runner.RunnerTest" time="0.006" errors="1" skipped="0">
  <properties>
[...]
</properties>
  <testcase classname="com.bdd.runner.RunnerTest" name="initializationError" time="0.006">
    <error message="Failed to parse resource at: file:///C:/Users/Silve/Downloads/Proyecto/TestingWeb/src/test/resources/features/WidgetClara.feature
(8:3): expected: #TagLine, #RuleLine, #Comment, #Empty, got &apos;Antecedentes:&apos;
(9:5): expected: #TagLine, #RuleLine, #Comment, #Empty, got &apos;Dado que el usuario abre la aplicacion web de Clara&apos;
(10:5): expected: #TagLine, #RuleLine, #Comment, #Empty, got &apos;Cuando el usuario hace click en la burbuja&apos;
(11:5): expected: #TagLine, #RuleLine, #Comment, #Empty, got &apos;Y el usuario escribe su nombre &quot;Prueba&quot;&apos;
(12:5): expected: #TagLine, #RuleLine, #Comment, #Empty, got &apos;Y el usuario escribe su apellido &quot;Prueba CHCC&quot;&apos;
(13:5): expected: #TagLine, #RuleLine, #Comment, #Empty, got &apos;Y el usuario escribe su dni &quot;01010101&quot;&apos;
(14:5): expected: #TagLine, #RuleLine, #Comment, #Empty, got &apos;Y el usuario escrbe su correo &quot;prueba@chcc.com&quot;&apos;
(15:5): expected: #TagLine, #RuleLine, #Comment, #Empty, got &apos;Entonces hago click en comenzar&apos;
(17:3): expected: #TagLine, #RuleLine, #Comment, #Empty, got &apos;Escenario: Validar el saludo de Clara&apos;
(18:5): expected: #TagLine, #RuleLine, #Comment, #Empty, got &apos;Dado que el usuario ha saludado a Clara&apos;
(19:5): expected: #TagLine, #RuleLine, #Comment, #Empty, got &apos;Cuando Clara responde al saludo&apos;" type="io.cucumber.core.gherkin.FeatureParserException">io.cucumber.core.gherkin.FeatureParserException: Failed to parse resource at: file:///C:/Users/Silve/Downloads/Proyecto/TestingWeb/src/test/resources/features/WidgetClara.feature
(8:3): expected: #TagLine, #RuleLine, #Comment, #Empty, got &apos;Antecedentes:&apos;
(9:5): expected: #TagLine, #RuleLine, #Comment, #Empty, got &apos;Dado que el usuario abre la aplicacion web de Clara&apos;
(10:5): expected: #TagLine, #RuleLine, #Comment, #Empty, got &apos;Cuando el usuario hace click en la burbuja&apos;
(11:5): expected: #TagLine, #RuleLine, #Comment, #Empty, got &apos;Y el usuario escribe su nombre &quot;Prueba&quot;&apos;
(12:5): expected: #TagLine, #RuleLine, #Comment, #Empty, got &apos;Y el usuario escribe su apellido &quot;Prueba CHCC&quot;&apos;
(13:5): expected: #TagLine, #RuleLine, #Comment, #Empty, got &apos;Y el usuario escribe su dni &quot;01010101&quot;&apos;
(14:5): expected: #TagLine, #RuleLine, #Comment, #Empty, got &apos;Y el usuario escrbe su correo &quot;prueba@chcc.com&quot;&apos;
(15:5): expected: #TagLine, #RuleLine, #Comment, #Empty, got &apos;Entonces hago click en comenzar&apos;
(17:3): expected: #TagLine, #RuleLine, #Comment, #Empty, got &apos;Escenario: Validar el saludo de Clara&apos;
(18:5): expected: #TagLine, #RuleLine, #Comment, #Empty, got &apos;Dado que el usuario ha saludado a Clara&apos;
(19:5): expected: #TagLine, #RuleLine, #Comment, #Empty, got &apos;Cuando Clara responde al saludo&apos;
	at io.cucumber.core.gherkin.messages.GherkinMessagesFeatureParser.parse(GherkinMessagesFeatureParser.java:53)
	at io.cucumber.core.feature.FeatureParser.parseResource(FeatureParser.java:45)
	at java.util.function.BiFunction.lambda$andThen$0(BiFunction.java:70)
	at io.cucumber.core.resource.ResourceScanner.lambda$processResource$1(ResourceScanner.java:79)
	at io.cucumber.core.resource.PathScanner$ResourceFileVisitor.visitFile(PathScanner.java:75)
	at io.cucumber.core.resource.PathScanner$ResourceFileVisitor.visitFile(PathScanner.java:60)
	at java.nio.file.Files.walkFileTree(Files.java:2670)
	at io.cucumber.core.resource.PathScanner.findResourcesForPath(PathScanner.java:53)
	at io.cucumber.core.resource.PathScanner.findResourcesForUri(PathScanner.java:31)
	at io.cucumber.core.resource.ResourceScanner.findResourcesForUri(ResourceScanner.java:61)
	at io.cucumber.core.resource.ResourceScanner.scanForResourcesUri(ResourceScanner.java:134)
	at io.cucumber.core.runtime.FeaturePathFeatureSupplier.loadFeatures(FeaturePathFeatureSupplier.java:62)
	at io.cucumber.core.runtime.FeaturePathFeatureSupplier.get(FeaturePathFeatureSupplier.java:45)
	at io.cucumber.junit.CucumberSerenityRunner.&lt;init&gt;(CucumberSerenityRunner.java:133)
	at net.serenitybdd.cucumber.CucumberWithSerenity.&lt;init&gt;(CucumberWithSerenity.java:12)
	at sun.reflect.NativeConstructorAccessorImpl.newInstance0(Native Method)
	at sun.reflect.NativeConstructorAccessorImpl.newInstance(NativeConstructorAccessorImpl.java:62)
	at sun.reflect.DelegatingConstructorAccessorImpl.newInstance(DelegatingConstructorAccessorImpl.java:45)
	at java.lang.reflect.Constructor.newInstance(Constructor.java:423)
	at org.junit.internal.builders.AnnotatedBuilder.buildRunner(AnnotatedBuilder.java:104)
	at org.junit.internal.builders.AnnotatedBuilder.runnerForClass(AnnotatedBuilder.java:86)
	at org.junit.runners.model.RunnerBuilder.safeRunnerForClass(RunnerBuilder.java:70)
	at org.junit.internal.builders.AllDefaultPossibilitiesBuilder.runnerForClass(AllDefaultPossibilitiesBuilder.java:37)
	at org.junit.runners.model.RunnerBuilder.safeRunnerForClass(RunnerBuilder.java:70)
	at org.junit.internal.requests.ClassRequest.createRunner(ClassRequest.java:28)
	at org.junit.internal.requests.MemoizingRequest.getRunner(MemoizingRequest.java:19)
	at org.apache.maven.surefire.junit4.JUnit4Provider.execute(JUnit4Provider.java:250)
	at org.apache.maven.surefire.junit4.JUnit4Provider.executeTestSet(JUnit4Provider.java:141)
	at org.apache.maven.surefire.junit4.JUnit4Provider.invoke(JUnit4Provider.java:112)
	at sun.reflect.NativeMethodAccessorImpl.invoke0(Native Method)
	at sun.reflect.NativeMethodAccessorImpl.invoke(NativeMethodAccessorImpl.java:62)
	at sun.reflect.DelegatingMethodAccessorImpl.invoke(DelegatingMethodAccessorImpl.java:43)
	at java.lang.reflect.Method.invoke(Method.java:498)
	at org.apache.maven.surefire.util.ReflectionUtils.invokeMethodWithArray(ReflectionUtils.java:189)
	at org.apache.maven.surefire.booter.ProviderFactory$ProviderProxy.invoke(ProviderFactory.java:165)
	at org.apache.maven.surefire.booter.ProviderFactory.invokeProvider(ProviderFactory.java:85)
	at org.apache.maven.surefire.booter.ForkedBooter.runSuitesInProcess(ForkedBooter.java:115)
	at org.apache.maven.surefire.booter.ForkedBooter.main(ForkedBooter.java:75)
</error>
    <system-err>SLF4J: Failed to load class &quot;org.slf4j.impl.StaticLoggerBinder&quot;.
SLF4J: Defaulting to no-operation (NOP) logger implementation
SLF4J: See http://www.slf4j.org/codes.html#StaticLoggerBinder for further details.
</system-err>
  </testcase>
</testsuite>